app/build/outputs/logs/manifest-merger-debug-report.txt
-- Merging decision tree log ---
manifest
ADDED from src\main\AndroidManifest.xml:16:1-64:12
	package
		ADDED from src\main\AndroidManifest.xml:17:5-29
		INJECTED from src\main\AndroidManifest.xml
		INJECTED from src\main\AndroidManifest.xml
	android:versionName
		ADDED from src\main\AndroidManifest.xml:19:5-30
		INJECTED from src\main\AndroidManifest.xml
		INJECTED from src\main\AndroidManifest.xml
	android:versionCode
		ADDED from src\main\AndroidManifest.xml:18:5-28
		INJECTED from src\main\AndroidManifest.xml
		INJECTED from src\main\AndroidManifest.xml
	xmlns:android
		ADDED from src\main\AndroidManifest.xml:16:11-69
uses-sdk
ADDED from src\main\AndroidManifest.xml:21:5-23:41
MERGED from [com.android.support:appcompat-v7:18.0.0] AndroidManifest.xml:18:5-42
	android:targetSdkVersion
		ADDED from src\main\AndroidManifest.xml:23:9-38
		INJECTED from src\main\AndroidManifest.xml
		INJECTED from src\main\AndroidManifest.xml
	android:minSdkVersion
		ADDED from src\main\AndroidManifest.xml:22:9-35
		INJECTED from src\main\AndroidManifest.xml
		INJECTED from src\main\AndroidManifest.xml
uses-feature#android.hardware.bluetooth_le
ADDED from src\main\AndroidManifest.xml:30:5-32:35
	android:required
		ADDED from src\main\AndroidManifest.xml:32:9-32
	android:name
		ADDED from src\main\AndroidManifest.xml:31:9-53
uses-permission#android.permission.BLUETOOTH
ADDED from src\main\AndroidManifest.xml:34:5-68
	android:name
		ADDED from src\main\AndroidManifest.xml:34:22-65
uses-permission#android.permission.BLUETOOTH_ADMIN
ADDED from src\main\AndroidManifest.xml:35:5-74
	android:name
		ADDED from src\main\AndroidManifest.xml:35:22-71
android:uses-permission#android.permission.WRITE_EXTERNAL_STORAGE
ADDED from src\main\AndroidManifest.xml:37:5-89
	android:name
		ADDED from src\main\AndroidManifest.xml:37:30-86
android:uses-permission#android.permission.READ_PHONE_STATE
ADDED from src\main\AndroidManifest.xml:38:5-83
	android:name
		ADDED from src\main\AndroidManifest.xml:38:30-80
android:uses-permission#android.permission.READ_EXTERNAL_STORAGE
ADDED from src\main\AndroidManifest.xml:39:5-88
	android:name
		ADDED from src\main\AndroidManifest.xml:39:30-85
application
ADDED from src\main\AndroidManifest.xml:41:5-62:19
MERGED from [com.android.support:appcompat-v7:18.0.0] AndroidManifest.xml:19:5-20
	android:label
		ADDED from src\main\AndroidManifest.xml:44:9-41
	android:debuggable
		ADDED from src\main\AndroidManifest.xml:42:9-34
	android:icon
		ADDED from src\main\AndroidManifest.xml:43:9-45
	android:theme
		ADDED from src\main\AndroidManifest.xml:45:9-56
activity#com.sample.hrv.setupActivity
ADDED from src\main\AndroidManifest.xml:46:9-54:20
	android:label
		ADDED from src\main\AndroidManifest.xml:48:13-45
	android:name
		ADDED from src\main\AndroidManifest.xml:47:13-42
intent-filter#android.intent.action.MAIN+android.intent.category.LAUNCHER
ADDED from src\main\AndroidManifest.xml:49:13-53:29
action#android.intent.action.MAIN
ADDED from src\main\AndroidManifest.xml:50:17-69
	android:name
		ADDED from src\main\AndroidManifest.xml:50:25-66
category#android.intent.category.LAUNCHER
ADDED from src\main\AndroidManifest.xml:52:17-77
	android:name
		ADDED from src\main\AndroidManifest.xml:52:27-74
activity#com.sample.hrv.DeviceScanActivity
ADDED from src\main\AndroidManifest.xml:55:9-56
	android:name
		ADDED from src\main\AndroidManifest.xml:55:19-53
activity#com.sample.hrv.DeviceServicesActivity
ADDED from src\main\AndroidManifest.xml:56:9-60
	android:name
		ADDED from src\main\AndroidManifest.xml:56:19-57
activity#com.sample.hrv.demo.DemoHeartRateSensorActivity
ADDED from src\main\AndroidManifest.xml:57:9-70
	android:name
		ADDED from src\main\AndroidManifest.xml:57:19-67
service#com.sample.hrv.BleService
ADDED from src\main\AndroidManifest.xml:59:9-61:38
	android:enabled
		ADDED from src\main\AndroidManifest.xml:61:13-35
	android:name
		ADDED from src\main\AndroidManifest.xml:60:13-39